<?xml version="1.0" encoding="UTF-8"?>
<!-- Generated by org.testng.reporters.JUnitXMLReporter -->
<testsuite hostname="DESKTOP-JGFDTH5" ignored="0" name="Default test" tests="5" failures="0" timestamp="2021-09-26T14:00:06 CEST" time="93.79" errors="0">
  <testcase name="logIn" time="13.656" classname="testPackage.Tests"/>
  <testcase name="search" time="11.959" classname="testPackage.Tests"/>
  <testcase name="enterMovie" time="13.204" classname="testPackage.Tests"/>
  <testcase name="addToWatchlist" time="17.783" classname="testPackage.Tests"/>
  <testcase name="goToWatchlist" time="12.641" classname="testPackage.Tests"/>
</testsuite> <!-- Default test -->
