<?xml version="1.0" encoding="UTF-8"?>
<testng-results skipped="0" failed="0" ignored="0" total="5" passed="5">
  <reporter-output>
  </reporter-output>
  <suite name="Default suite" duration-ms="93790" started-at="2021-09-26T13:58:33 CEST" finished-at="2021-09-26T14:00:06 CEST">
    <groups>
    </groups>
    <test name="Default test" duration-ms="93790" started-at="2021-09-26T13:58:33 CEST" finished-at="2021-09-26T14:00:06 CEST">
      <class name="testPackage.Tests">
        <test-method status="PASS" signature="setUp()[pri:0, instance:testPackage.Tests@305fd85d]" name="setUp" is-config="true" duration-ms="2564" started-at="2021-09-26T13:58:33 CEST" finished-at="2021-09-26T13:58:35 CEST">
          <reporter-output>
          </reporter-output>
        </test-method> <!-- setUp -->
        <test-method status="PASS" signature="pageSetUp()[pri:0, instance:testPackage.Tests@305fd85d]" name="pageSetUp" is-config="true" duration-ms="3890" started-at="2021-09-26T13:58:35 CEST" finished-at="2021-09-26T13:58:39 CEST">
          <reporter-output>
          </reporter-output>
        </test-method> <!-- pageSetUp -->
        <test-method status="PASS" signature="logIn()[pri:10, instance:testPackage.Tests@305fd85d]" name="logIn" duration-ms="13656" started-at="2021-09-26T13:58:39 CEST" finished-at="2021-09-26T13:58:53 CEST">
          <reporter-output>
          </reporter-output>
        </test-method> <!-- logIn -->
        <test-method status="PASS" signature="pageSetUp()[pri:0, instance:testPackage.Tests@305fd85d]" name="pageSetUp" is-config="true" duration-ms="2939" started-at="2021-09-26T13:58:53 CEST" finished-at="2021-09-26T13:58:56 CEST">
          <reporter-output>
          </reporter-output>
        </test-method> <!-- pageSetUp -->
        <test-method status="PASS" signature="search()[pri:20, instance:testPackage.Tests@305fd85d]" name="search" duration-ms="11959" started-at="2021-09-26T13:58:56 CEST" finished-at="2021-09-26T13:59:08 CEST">
          <reporter-output>
          </reporter-output>
        </test-method> <!-- search -->
        <test-method status="PASS" signature="pageSetUp()[pri:0, instance:testPackage.Tests@305fd85d]" name="pageSetUp" is-config="true" duration-ms="4070" started-at="2021-09-26T13:59:08 CEST" finished-at="2021-09-26T13:59:12 CEST">
          <reporter-output>
          </reporter-output>
        </test-method> <!-- pageSetUp -->
        <test-method status="PASS" signature="enterMovie()[pri:30, instance:testPackage.Tests@305fd85d]" name="enterMovie" duration-ms="13204" started-at="2021-09-26T13:59:12 CEST" finished-at="2021-09-26T13:59:25 CEST">
          <reporter-output>
          </reporter-output>
        </test-method> <!-- enterMovie -->
        <test-method status="PASS" signature="pageSetUp()[pri:0, instance:testPackage.Tests@305fd85d]" name="pageSetUp" is-config="true" duration-ms="3212" started-at="2021-09-26T13:59:25 CEST" finished-at="2021-09-26T13:59:28 CEST">
          <reporter-output>
          </reporter-output>
        </test-method> <!-- pageSetUp -->
        <test-method status="PASS" signature="addToWatchlist()[pri:40, instance:testPackage.Tests@305fd85d]" name="addToWatchlist" duration-ms="17783" started-at="2021-09-26T13:59:28 CEST" finished-at="2021-09-26T13:59:46 CEST">
          <reporter-output>
          </reporter-output>
        </test-method> <!-- addToWatchlist -->
        <test-method status="PASS" signature="pageSetUp()[pri:0, instance:testPackage.Tests@305fd85d]" name="pageSetUp" is-config="true" duration-ms="2968" started-at="2021-09-26T13:59:46 CEST" finished-at="2021-09-26T13:59:49 CEST">
          <reporter-output>
          </reporter-output>
        </test-method> <!-- pageSetUp -->
        <test-method status="PASS" signature="goToWatchlist()[pri:50, instance:testPackage.Tests@305fd85d]" name="goToWatchlist" duration-ms="12641" started-at="2021-09-26T13:59:49 CEST" finished-at="2021-09-26T14:00:01 CEST">
          <reporter-output>
          </reporter-output>
        </test-method> <!-- goToWatchlist -->
        <test-method status="PASS" signature="tearDown()[pri:0, instance:testPackage.Tests@305fd85d]" name="tearDown" is-config="true" duration-ms="4848" started-at="2021-09-26T14:00:01 CEST" finished-at="2021-09-26T14:00:06 CEST">
          <reporter-output>
          </reporter-output>
        </test-method> <!-- tearDown -->
      </class> <!-- testPackage.Tests -->
    </test> <!-- Default test -->
  </suite> <!-- Default suite -->
</testng-results>
